2022-01-28 08:13:21,003 Para el contrato LP-30162-21-206257, el monto no concuerda con fonacide y otras fuentes
2022-01-28 08:13:21,005 Monto total: 1946270000
2022-01-28 08:13:21,006 
[
    {
        "classifications": {
            "tipo_programa": "2",
            "objeto_gasto": "840",
            "sub_programa": "1",
            "fuente_financiamiento": "30",
            "entidad": "162",
            "programa": "3",
            "proyecto": "0",
            "departamento": "10",
            "nivel": "30",
            "anio": "2021",
            "financiador": "3",
            "cdp": "399608"
        },
        "period": {
            "endDate": "2021-12-31T00:00:00Z",
            "startDate": "2021-01-01T00:00:00Z"
        },
        "measures": {
            "monto_a_utilizar": "700000000"
        },
        "financialCode": "LP-30162-21-206257",
        "id": "2021/30/162/2/3/1/0/3/10/840/30/LP-30162-21-206257"
    }
]

2022-01-28 08:13:53,080 Para el contrato LP-30162-21-206257, el monto no concuerda con fonacide y otras fuentes
2022-01-28 08:13:53,081 Monto total: 1946270000
2022-01-28 08:13:53,082 
[
    {
        "classifications": {
            "tipo_programa": "2",
            "objeto_gasto": "840",
            "sub_programa": "1",
            "fuente_financiamiento": "30",
            "entidad": "162",
            "programa": "3",
            "proyecto": "0",
            "departamento": "10",
            "nivel": "30",
            "anio": "2021",
            "financiador": "3",
            "cdp": "399608"
        },
        "period": {
            "endDate": "2021-12-31T00:00:00Z",
            "startDate": "2021-01-01T00:00:00Z"
        },
        "measures": {
            "monto_a_utilizar": "700000000"
        },
        "financialCode": "LP-30162-21-206257",
        "id": "2021/30/162/2/3/1/0/3/10/840/30/LP-30162-21-206257"
    }
]

2022-01-28 08:13:53,082 Para el contrato CO-30162-21-208299, el monto no concuerda con fonacide y otras fuentes
2022-01-28 08:13:53,083 Monto total: 633199854
2022-01-28 08:13:53,083 
[
    {
        "classifications": {
            "tipo_programa": "2",
            "objeto_gasto": "520",
            "sub_programa": "1",
            "fuente_financiamiento": "30",
            "entidad": "162",
            "programa": "3",
            "proyecto": "0",
            "departamento": "10",
            "nivel": "30",
            "anio": "2021",
            "financiador": "3",
            "cdp": "401062"
        },
        "period": {
            "endDate": "2021-12-31T00:00:00Z",
            "startDate": "2021-01-01T00:00:00Z"
        },
        "measures": {
            "monto_a_utilizar": "422818207"
        },
        "financialCode": "CO-30162-21-208299",
        "id": "2021/30/162/2/3/1/0/3/10/520/30/CO-30162-21-208299"
    }
]

2022-01-28 08:13:53,084 Para el contrato CO-30162-20-188503, el monto no concuerda con fonacide y otras fuentes
2022-01-28 08:13:53,084 Monto total: 367208746
2022-01-28 08:13:53,084 
[
    {
        "classifications": {
            "tipo_programa": "2",
            "objeto_gasto": "520",
            "sub_programa": "1",
            "fuente_financiamiento": "30",
            "entidad": "162",
            "programa": "3",
            "proyecto": "0",
            "departamento": "10",
            "nivel": "30",
            "anio": "2020",
            "financiador": "3",
            "cdp": "377290"
        },
        "period": {
            "endDate": "2020-12-31T00:00:00Z",
            "startDate": "2020-01-01T00:00:00Z"
        },
        "measures": {
            "monto_a_utilizar": "258266131"
        },
        "financialCode": "CO-30162-20-188503",
        "id": "2020/30/162/2/3/1/0/3/10/520/30/CO-30162-20-188503"
    }
]

2022-01-28 08:13:53,085 Para el contrato CO-30162-19-174042, el monto no concuerda con fonacide y otras fuentes
2022-01-28 08:13:53,085 Monto total: 522990000
2022-01-28 08:13:53,085 
[
    {
        "classifications": {
            "tipo_programa": "2",
            "objeto_gasto": "840",
            "sub_programa": "1",
            "fuente_financiamiento": "30",
            "entidad": "162",
            "programa": "3",
            "proyecto": "0",
            "departamento": "10",
            "nivel": "30",
            "anio": "2019",
            "financiador": "3",
            "cdp": "364733"
        },
        "period": {
            "endDate": "2019-12-31T00:00:00Z",
            "startDate": "2019-01-01T00:00:00Z"
        },
        "measures": {
            "monto_a_utilizar": "542360000"
        },
        "financialCode": "CO-30162-19-174042",
        "id": "2019/30/162/2/3/1/0/3/10/840/30/CO-30162-19-174042"
    }
]

2022-01-28 08:13:53,086 Para el contrato LP-30162-18-160308, el monto no concuerda con fonacide y otras fuentes
2022-01-28 08:13:53,086 Monto total: 1203727500
2022-01-28 08:13:53,087 
[
    {
        "classifications": {
            "tipo_programa": "2",
            "objeto_gasto": "520",
            "sub_programa": "1",
            "fuente_financiamiento": "30",
            "entidad": "162",
            "programa": "3",
            "proyecto": "0",
            "departamento": "10",
            "nivel": "30",
            "anio": "2019",
            "financiador": "3",
            "cdp": "349475"
        },
        "period": {
            "endDate": "2018-12-31T00:00:00Z",
            "startDate": "2018-01-01T00:00:00Z"
        },
        "measures": {
            "monto_a_utilizar": "240745500"
        },
        "financialCode": "AC-30162-19-35979",
        "id": "2019/30/162/2/3/1/0/3/10/520/30/AC-30162-19-35979"
    },
    {
        "classifications": {
            "tipo_programa": "2",
            "objeto_gasto": "840",
            "sub_programa": "1",
            "fuente_financiamiento": "30",
            "entidad": "162",
            "programa": "3",
            "proyecto": "0",
            "departamento": "10",
            "nivel": "30",
            "anio": "2018",
            "financiador": "3",
            "cdp": "349475"
        },
        "period": {
            "endDate": "2018-12-31T00:00:00Z",
            "startDate": "2018-01-01T00:00:00Z"
        },
        "measures": {
            "monto_a_utilizar": "1203727500"
        },
        "financialCode": "LP-30162-18-160308",
        "id": "2018/30/162/2/3/1/0/3/10/840/30/LP-30162-18-160308"
    }
]

2022-01-28 08:13:53,087 Para el contrato CO-30162-16-134659, el monto no concuerda con fonacide y otras fuentes
2022-01-28 08:13:53,087 Monto total: 303201925
2022-01-28 08:13:53,088 
[
    {
        "classifications": {
            "tipo_programa": "2",
            "objeto_gasto": "520",
            "sub_programa": "1",
            "fuente_financiamiento": "30",
            "entidad": "162",
            "programa": "3",
            "proyecto": "0",
            "departamento": "10",
            "nivel": "30",
            "anio": "2016",
            "financiador": "3",
            "cdp": "318991"
        },
        "period": {
            "endDate": "2016-12-31T00:00:00Z",
            "startDate": "2016-01-01T00:00:00Z"
        },
        "measures": {
            "monto_a_utilizar": "300000000"
        },
        "financialCode": "CO-30162-16-134659",
        "id": "2016/30/162/2/3/1/0/3/10/520/30/CO-30162-16-134659"
    }
]

2022-01-28 08:13:53,088 Para el contrato CO-30162-16-134369, el monto no concuerda con fonacide y otras fuentes
2022-01-28 08:13:53,088 Monto total: 659455205
2022-01-28 08:13:53,089 
[
    {
        "classifications": {
            "tipo_programa": "2",
            "objeto_gasto": "520",
            "sub_programa": "1",
            "fuente_financiamiento": "30",
            "entidad": "162",
            "programa": "3",
            "proyecto": "0",
            "departamento": "10",
            "nivel": "30",
            "anio": "2016",
            "financiador": "3",
            "cdp": "318142"
        },
        "period": {
            "endDate": "2016-12-31T00:00:00Z",
            "startDate": "2016-01-01T00:00:00Z"
        },
        "measures": {
            "monto_a_utilizar": "330000000"
        },
        "financialCode": "CO-30162-16-134369",
        "id": "2016/30/162/2/3/1/0/3/10/520/30/CO-30162-16-134369"
    }
]

2022-01-28 08:13:53,090 Para el contrato CO-30162-13-84246, el monto no concuerda con fonacide y otras fuentes
2022-01-28 08:13:53,090 Monto total: 238264644
2022-01-28 08:13:53,090 
[
    {
        "classifications": {
            "tipo_programa": "3",
            "objeto_gasto": "520",
            "sub_programa": "0",
            "fuente_financiamiento": "30",
            "entidad": "162",
            "programa": "1",
            "proyecto": "1",
            "departamento": "10",
            "nivel": "30",
            "anio": "2013",
            "financiador": "3",
            "cdp": "265429"
        },
        "period": {
            "endDate": "2013-12-31T00:00:00Z",
            "startDate": "2013-01-01T00:00:00Z"
        },
        "measures": {
            "monto_a_utilizar": "100000000"
        },
        "financialCode": "CO-30162-13-84246",
        "id": "2013/30/162/3/1/0/1/3/10/520/30/CO-30162-13-84246"
    }
]

2022-01-28 08:13:53,091 Para el contrato CO-30162-13-84326, el monto no concuerda con fonacide y otras fuentes
2022-01-28 08:13:53,091 Monto total: 391428581
2022-01-28 08:13:53,091 
[
    {
        "classifications": {
            "tipo_programa": "3",
            "objeto_gasto": "520",
            "sub_programa": "0",
            "fuente_financiamiento": "30",
            "entidad": "162",
            "programa": "1",
            "proyecto": "1",
            "departamento": "10",
            "nivel": "30",
            "anio": "2013",
            "financiador": "3",
            "cdp": "265428"
        },
        "period": {
            "endDate": "2013-12-31T00:00:00Z",
            "startDate": "2013-01-01T00:00:00Z"
        },
        "measures": {
            "monto_a_utilizar": "200000000"
        },
        "financialCode": "CO-30162-13-84326",
        "id": "2013/30/162/3/1/0/1/3/10/520/30/CO-30162-13-84326"
    }
]

2022-01-28 08:13:53,092 Para el contrato CO-30162-13-84247, el monto no concuerda con fonacide y otras fuentes
2022-01-28 08:13:53,092 Monto total: 559854333
2022-01-28 08:13:53,092 
[
    {
        "classifications": {
            "tipo_programa": "3",
            "objeto_gasto": "520",
            "sub_programa": "0",
            "fuente_financiamiento": "30",
            "entidad": "162",
            "programa": "1",
            "proyecto": "1",
            "departamento": "10",
            "nivel": "30",
            "anio": "2013",
            "financiador": "3",
            "cdp": "265427"
        },
        "period": {
            "endDate": "2013-12-31T00:00:00Z",
            "startDate": "2013-01-01T00:00:00Z"
        },
        "measures": {
            "monto_a_utilizar": "280000000"
        },
        "financialCode": "CO-30162-13-84247",
        "id": "2013/30/162/3/1/0/1/3/10/520/30/CO-30162-13-84247"
    }
]

2022-01-28 08:13:53,092 Para el contrato CO-30162-13-84244, el monto no concuerda con fonacide y otras fuentes
2022-01-28 08:13:53,093 Monto total: 65008764
2022-01-28 08:13:53,093 
[
    {
        "classifications": {
            "tipo_programa": "3",
            "objeto_gasto": "520",
            "sub_programa": "0",
            "fuente_financiamiento": "30",
            "entidad": "162",
            "programa": "1",
            "proyecto": "1",
            "departamento": "10",
            "nivel": "30",
            "anio": "2013",
            "financiador": "3",
            "cdp": "264197"
        },
        "period": {
            "endDate": "2013-12-31T00:00:00Z",
            "startDate": "2013-01-01T00:00:00Z"
        },
        "measures": {
            "monto_a_utilizar": "51445599"
        },
        "financialCode": "CO-30162-13-84244",
        "id": "2013/30/162/3/1/0/1/3/10/520/30/CO-30162-13-84244"
    }
]

2022-01-28 08:13:53,093 Para el contrato CO-30162-13-84254, el monto no concuerda con fonacide y otras fuentes
2022-01-28 08:13:53,093 Monto total: 281949520
2022-01-28 08:13:53,094 
[
    {
        "classifications": {
            "tipo_programa": "3",
            "objeto_gasto": "520",
            "sub_programa": "0",
            "fuente_financiamiento": "30",
            "entidad": "162",
            "programa": "1",
            "proyecto": "1",
            "departamento": "10",
            "nivel": "30",
            "anio": "2013",
            "financiador": "3",
            "cdp": "264197"
        },
        "period": {
            "endDate": "2013-12-31T00:00:00Z",
            "startDate": "2013-01-01T00:00:00Z"
        },
        "measures": {
            "monto_a_utilizar": "225559616"
        },
        "financialCode": "CO-30162-13-84254",
        "id": "2013/30/162/3/1/0/1/3/10/520/30/CO-30162-13-84254"
    }
]

